TN:
SF:src/revista.ts
FN:24,(anonymous_0)
FN:35,(anonymous_1)
FN:44,(anonymous_2)
FN:53,(anonymous_3)
FN:63,(anonymous_4)
FN:77,(anonymous_5)
FN:90,(anonymous_6)
FN:91,(anonymous_7)
FN:100,(anonymous_8)
FNF:9
FNH:9
FNDA:12,(anonymous_0)
FNDA:7,(anonymous_1)
FNDA:6,(anonymous_2)
FNDA:1,(anonymous_3)
FNDA:6,(anonymous_4)
FNDA:2,(anonymous_5)
FNDA:3,(anonymous_6)
FNDA:3,(anonymous_7)
FNDA:3,(anonymous_8)
DA:12,1
DA:13,12
DA:25,12
DA:26,12
DA:27,12
DA:36,7
DA:45,6
DA:54,1
DA:64,6
DA:65,5
DA:67,1
DA:78,2
DA:79,2
DA:80,1
DA:82,1
DA:91,3
DA:92,3
DA:101,3
DA:102,3
LF:19
LH:19
BRDA:64,0,0,5
BRDA:64,0,1,1
BRDA:79,1,0,1
BRDA:79,1,1,1
BRF:4
BRH:4
end_of_record
TN:
SF:src/suscriptor.ts
FN:22,(anonymous_0)
FN:33,(anonymous_1)
FN:46,(anonymous_2)
FN:55,(anonymous_3)
FNF:4
FNH:4
FNDA:8,(anonymous_0)
FNDA:5,(anonymous_1)
FNDA:2,(anonymous_2)
FNDA:1,(anonymous_3)
DA:2,1
DA:11,1
DA:23,8
DA:24,8
DA:34,5
DA:35,5
DA:37,0
DA:47,2
DA:56,1
LF:9
LH:8
BRDA:34,0,0,5
BRDA:34,0,1,0
BRF:2
BRH:1
end_of_record
